# JRE version: Java(TM) SE Runtime Environment (8.0_241-b07) (build 1.8.0_241-b07)
# Java VM: Java HotSpot(TM) 64-Bit Server VM (25.241-b07 mixed mode windows-amd64 compressed oops)
Heap:
 PSYoungGen      total 651776K, used 63823K [0x000000076b380000, 0x0000000796000000, 0x00000007c0000000)
  eden space 629760K, 10% used [0x000000076b380000,0x000000076f1d3cd0,0x0000000791a80000)
  from space 22016K, 0% used [0x0000000793100000,0x0000000793100000,0x0000000794680000)
  to   space 23040K, 0% used [0x0000000791a80000,0x0000000791a80000,0x0000000793100000)
 ParOldGen       total 146944K, used 25952K [0x00000006c1a00000, 0x00000006ca980000, 0x000000076b380000)
  object space 146944K, 17% used [0x00000006c1a00000,0x00000006c3358228,0x00000006ca980000)
 Metaspace       used 60853K, capacity 63588K, committed 63784K, reserved 1105920K
  class space    used 7255K, capacity 7719K, committed 7720K, reserved 1048576K
GC Heap History (10 events):
Event: 17.938 GC heap before
{Heap before GC invocations=7 (full 2):
 PSYoungGen      total 271872K, used 10751K [0x000000076b380000, 0x0000000785a80000, 0x00000007c0000000)
  eden space 261120K, 0% used [0x000000076b380000,0x000000076b380000,0x000000077b280000)
  from space 10752K, 99% used [0x000000077b280000,0x000000077bcffe00,0x000000077bd00000)
  to   space 15360K, 0% used [0x0000000784b80000,0x0000000784b80000,0x0000000785a80000)
 ParOldGen       total 84480K, used 9259K [0x00000006c1a00000, 0x00000006c6c80000, 0x000000076b380000)
  object space 84480K, 10% used [0x00000006c1a00000,0x00000006c230ad58,0x00000006c6c80000)
 Metaspace       used 33786K, capacity 35412K, committed 35496K, reserved 1081344K
  class space    used 4275K, capacity 4583K, committed 4608K, reserved 1048576K
Event: 18.069 GC heap after
Heap after GC invocations=7 (full 2):
 PSYoungGen      total 271872K, used 0K [0x000000076b380000, 0x0000000785a80000, 0x00000007c0000000)
  eden space 261120K, 0% used [0x000000076b380000,0x000000076b380000,0x000000077b280000)
  from space 10752K, 0% used [0x000000077b280000,0x000000077b280000,0x000000077bd00000)
  to   space 15360K, 0% used [0x0000000784b80000,0x0000000784b80000,0x0000000785a80000)
 ParOldGen       total 121344K, used 17995K [0x00000006c1a00000, 0x00000006c9080000, 0x000000076b380000)
  object space 121344K, 14% used [0x00000006c1a00000,0x00000006c2b92f10,0x00000006c9080000)
 Metaspace       used 33786K, capacity 35412K, committed 35496K, reserved 1081344K
  class space    used 4275K, capacity 4583K, committed 4608K, reserved 1048576K
}
Event: 233.202 GC heap before
{Heap before GC invocations=8 (full 2):
 PSYoungGen      total 271872K, used 261120K [0x000000076b380000, 0x0000000785a80000, 0x00000007c0000000)
  eden space 261120K, 100% used [0x000000076b380000,0x000000077b280000,0x000000077b280000)
  from space 10752K, 0% used [0x000000077b280000,0x000000077b280000,0x000000077bd00000)
  to   space 15360K, 0% used [0x0000000784b80000,0x0000000784b80000,0x0000000785a80000)
 ParOldGen       total 121344K, used 17995K [0x00000006c1a00000, 0x00000006c9080000, 0x000000076b380000)
  object space 121344K, 14% used [0x00000006c1a00000,0x00000006c2b92f10,0x00000006c9080000)
 Metaspace       used 46519K, capacity 48990K, committed 49152K, reserved 1091584K
  class space    used 5843K, capacity 6316K, committed 6400K, reserved 1048576K
Event: 233.223 GC heap after
Heap after GC invocations=8 (full 2):
 PSYoungGen      total 413696K, used 15358K [0x000000076b380000, 0x0000000787e80000, 0x00000007c0000000)
  eden space 398336K, 0% used [0x000000076b380000,0x000000076b380000,0x0000000783880000)
  from space 15360K, 99% used [0x0000000784b80000,0x0000000785a7fa70,0x0000000785a80000)
  to   space 19456K, 0% used [0x0000000783880000,0x0000000783880000,0x0000000784b80000)
 ParOldGen       total 121344K, used 21492K [0x00000006c1a00000, 0x00000006c9080000, 0x000000076b380000)
  object space 121344K, 17% used [0x00000006c1a00000,0x00000006c2efd0b8,0x00000006c9080000)
 Metaspace       used 46519K, capacity 48990K, committed 49152K, reserved 1091584K
  class space    used 5843K, capacity 6316K, committed 6400K, reserved 1048576K
}
Event: 1738.422 GC heap before
{Heap before GC invocations=9 (full 2):
 PSYoungGen      total 413696K, used 413694K [0x000000076b380000, 0x0000000787e80000, 0x00000007c0000000)
  eden space 398336K, 100% used [0x000000076b380000,0x0000000783880000,0x0000000783880000)
  from space 15360K, 99% used [0x0000000784b80000,0x0000000785a7fa70,0x0000000785a80000)
  to   space 19456K, 0% used [0x0000000783880000,0x0000000783880000,0x0000000784b80000)
 ParOldGen       total 121344K, used 21492K [0x00000006c1a00000, 0x00000006c9080000, 0x000000076b380000)
  object space 121344K, 17% used [0x00000006c1a00000,0x00000006c2efd0b8,0x00000006c9080000)
 Metaspace       used 52212K, capacity 54846K, committed 55040K, reserved 1097728K
  class space    used 6567K, capacity 7056K, committed 7168K, reserved 1048576K
Event: 1738.453 GC heap after
Heap after GC invocations=9 (full 2):
 PSYoungGen      total 417792K, used 19137K [0x000000076b380000, 0x0000000794680000, 0x00000007c0000000)
  eden space 398336K, 0% used [0x000000076b380000,0x000000076b380000,0x0000000783880000)
  from space 19456K, 98% used [0x0000000783880000,0x0000000784b304e8,0x0000000784b80000)
  to   space 22016K, 0% used [0x0000000793100000,0x0000000793100000,0x0000000794680000)
 ParOldGen       total 121344K, used 21500K [0x00000006c1a00000, 0x00000006c9080000, 0x000000076b380000)
  object space 121344K, 17% used [0x00000006c1a00000,0x00000006c2eff0b8,0x00000006c9080000)
 Metaspace       used 52212K, capacity 54846K, committed 55040K, reserved 1097728K
  class space    used 6567K, capacity 7056K, committed 7168K, reserved 1048576K
}
Event: 1738.898 GC heap before
{Heap before GC invocations=10 (full 2):
 PSYoungGen      total 417792K, used 43803K [0x000000076b380000, 0x0000000794680000, 0x00000007c0000000)
  eden space 398336K, 6% used [0x000000076b380000,0x000000076cb96a60,0x0000000783880000)
  from space 19456K, 98% used [0x0000000783880000,0x0000000784b304e8,0x0000000784b80000)
  to   space 22016K, 0% used [0x0000000793100000,0x0000000793100000,0x0000000794680000)
 ParOldGen       total 121344K, used 21500K [0x00000006c1a00000, 0x00000006c9080000, 0x000000076b380000)
  object space 121344K, 17% used [0x00000006c1a00000,0x00000006c2eff0b8,0x00000006c9080000)
 Metaspace       used 56425K, capacity 59012K, committed 59160K, reserved 1101824K
  class space    used 6736K, capacity 7185K, committed 7296K, reserved 1048576K
Event: 1738.914 GC heap after
Heap after GC invocations=10 (full 2):
 PSYoungGen      total 651776K, used 16342K [0x000000076b380000, 0x0000000796000000, 0x00000007c0000000)
  eden space 629760K, 0% used [0x000000076b380000,0x000000076b380000,0x0000000791a80000)
  from space 22016K, 74% used [0x0000000793100000,0x00000007940f5b08,0x0000000794680000)
  to   space 23040K, 0% used [0x0000000791a80000,0x0000000791a80000,0x0000000793100000)
 ParOldGen       total 121344K, used 21500K [0x00000006c1a00000, 0x00000006c9080000, 0x000000076b380000)
  object space 121344K, 17% used [0x00000006c1a00000,0x00000006c2eff0b8,0x00000006c9080000)
 Metaspace       used 56425K, capacity 59012K, committed 59160K, reserved 1101824K
  class space    used 6736K, capacity 7185K, committed 7296K, reserved 1048576K
}
Event: 1738.914 GC heap before
{Heap before GC invocations=11 (full 3):
 PSYoungGen      total 651776K, used 16342K [0x000000076b380000, 0x0000000796000000, 0x00000007c0000000)
  eden space 629760K, 0% used [0x000000076b380000,0x000000076b380000,0x0000000791a80000)
  from space 22016K, 74% used [0x0000000793100000,0x00000007940f5b08,0x0000000794680000)
  to   space 23040K, 0% used [0x0000000791a80000,0x0000000791a80000,0x0000000793100000)
 ParOldGen       total 121344K, used 21500K [0x00000006c1a00000, 0x00000006c9080000, 0x000000076b380000)
  object space 121344K, 17% used [0x00000006c1a00000,0x00000006c2eff0b8,0x00000006c9080000)
 Metaspace       used 56425K, capacity 59012K, committed 59160K, reserved 1101824K
  class space    used 6736K, capacity 7185K, committed 7296K, reserved 1048576K
Event: 1739.060 GC heap after
Heap after GC invocations=11 (full 3):
 PSYoungGen      total 651776K, used 0K [0x000000076b380000, 0x0000000796000000, 0x00000007c0000000)
  eden space 629760K, 0% used [0x000000076b380000,0x000000076b380000,0x0000000791a80000)
  from space 22016K, 0% used [0x0000000793100000,0x0000000793100000,0x0000000794680000)
  to   space 23040K, 0% used [0x0000000791a80000,0x0000000791a80000,0x0000000793100000)
 ParOldGen       total 146944K, used 25952K [0x00000006c1a00000, 0x00000006ca980000, 0x000000076b380000)
  object space 146944K, 17% used [0x00000006c1a00000,0x00000006c3358228,0x00000006ca980000)
 Metaspace       used 56387K, capacity 58952K, committed 59160K, reserved 1101824K
  class space    used 6730K, capacity 7175K, committed 7296K, reserved 1048576K
}

