# JRE version: Java(TM) SE Runtime Environment (8.0_241-b07) (build 1.8.0_241-b07)
# Java VM: Java HotSpot(TM) 64-Bit Server VM (25.241-b07 mixed mode windows-amd64 compressed oops)
Heap:
 PSYoungGen      total 193536K, used 48877K [0x000000076b380000, 0x0000000778380000, 0x00000007c0000000)
  eden space 182784K, 21% used [0x000000076b380000,0x000000076d904390,0x0000000776600000)
  from space 10752K, 97% used [0x0000000777900000,0x0000000778337278,0x0000000778380000)
  to   space 13824K, 0% used [0x0000000776880000,0x0000000776880000,0x0000000777600000)
 ParOldGen       total 103936K, used 16534K [0x00000006c1a00000, 0x00000006c7f80000, 0x000000076b380000)
  object space 103936K, 15% used [0x00000006c1a00000,0x00000006c2a25ac0,0x00000006c7f80000)
 Metaspace       used 40347K, capacity 42340K, committed 42624K, reserved 1087488K
  class space    used 5051K, capacity 5443K, committed 5504K, reserved 1048576K
GC Heap History (10 events):
Event: 1.807 GC heap before
{Heap before GC invocations=4 (full 1):
 PSYoungGen      total 141824K, used 6515K [0x000000076b380000, 0x0000000774880000, 0x00000007c0000000)
  eden space 131072K, 0% used [0x000000076b380000,0x000000076b380000,0x0000000773380000)
  from space 10752K, 60% used [0x0000000773380000,0x00000007739dce98,0x0000000773e00000)
  to   space 10752K, 0% used [0x0000000773e00000,0x0000000773e00000,0x0000000774880000)
 ParOldGen       total 175104K, used 32K [0x00000006c1a00000, 0x00000006cc500000, 0x000000076b380000)
  object space 175104K, 0% used [0x00000006c1a00000,0x00000006c1a08000,0x00000006cc500000)
 Metaspace       used 20522K, capacity 21148K, committed 21296K, reserved 1067008K
  class space    used 2663K, capacity 2844K, committed 2944K, reserved 1048576K
Event: 1.840 GC heap after
Heap after GC invocations=4 (full 1):
 PSYoungGen      total 141824K, used 0K [0x000000076b380000, 0x0000000774880000, 0x00000007c0000000)
  eden space 131072K, 0% used [0x000000076b380000,0x000000076b380000,0x0000000773380000)
  from space 10752K, 0% used [0x0000000773380000,0x0000000773380000,0x0000000773e00000)
  to   space 10752K, 0% used [0x0000000773e00000,0x0000000773e00000,0x0000000774880000)
 ParOldGen       total 103936K, used 6305K [0x00000006c1a00000, 0x00000006c7f80000, 0x000000076b380000)
  object space 103936K, 6% used [0x00000006c1a00000,0x00000006c2028698,0x00000006c7f80000)
 Metaspace       used 20520K, capacity 21142K, committed 21296K, reserved 1067008K
  class space    used 2662K, capacity 2843K, committed 2944K, reserved 1048576K
}
Event: 3.599 GC heap before
{Heap before GC invocations=5 (full 1):
 PSYoungGen      total 141824K, used 131072K [0x000000076b380000, 0x0000000774880000, 0x00000007c0000000)
  eden space 131072K, 100% used [0x000000076b380000,0x0000000773380000,0x0000000773380000)
  from space 10752K, 0% used [0x0000000773380000,0x0000000773380000,0x0000000773e00000)
  to   space 10752K, 0% used [0x0000000773e00000,0x0000000773e00000,0x0000000774880000)
 ParOldGen       total 103936K, used 6305K [0x00000006c1a00000, 0x00000006c7f80000, 0x000000076b380000)
  object space 103936K, 6% used [0x00000006c1a00000,0x00000006c2028698,0x00000006c7f80000)
 Metaspace       used 25815K, capacity 26972K, committed 27136K, reserved 1073152K
  class space    used 3340K, capacity 3573K, committed 3584K, reserved 1048576K
Event: 3.605 GC heap after
Heap after GC invocations=5 (full 1):
 PSYoungGen      total 141824K, used 10041K [0x000000076b380000, 0x0000000778400000, 0x00000007c0000000)
  eden space 131072K, 0% used [0x000000076b380000,0x000000076b380000,0x0000000773380000)
  from space 10752K, 93% used [0x0000000773e00000,0x00000007747ce450,0x0000000774880000)
  to   space 10752K, 0% used [0x0000000773380000,0x0000000773380000,0x0000000773e00000)
 ParOldGen       total 103936K, used 6313K [0x00000006c1a00000, 0x00000006c7f80000, 0x000000076b380000)
  object space 103936K, 6% used [0x00000006c1a00000,0x00000006c202a698,0x00000006c7f80000)
 Metaspace       used 25815K, capacity 26972K, committed 27136K, reserved 1073152K
  class space    used 3340K, capacity 3573K, committed 3584K, reserved 1048576K
}
Event: 5.153 GC heap before
{Heap before GC invocations=6 (full 1):
 PSYoungGen      total 141824K, used 92333K [0x000000076b380000, 0x0000000778400000, 0x00000007c0000000)
  eden space 131072K, 62% used [0x000000076b380000,0x00000007703dd398,0x0000000773380000)
  from space 10752K, 93% used [0x0000000773e00000,0x00000007747ce450,0x0000000774880000)
  to   space 10752K, 0% used [0x0000000773380000,0x0000000773380000,0x0000000773e00000)
 ParOldGen       total 103936K, used 6313K [0x00000006c1a00000, 0x00000006c7f80000, 0x000000076b380000)
  object space 103936K, 6% used [0x00000006c1a00000,0x00000006c202a698,0x00000006c7f80000)
 Metaspace       used 33743K, capacity 35394K, committed 35496K, reserved 1081344K
  class space    used 4283K, capacity 4592K, committed 4608K, reserved 1048576K
Event: 5.168 GC heap after
Heap after GC invocations=6 (full 1):
 PSYoungGen      total 141824K, used 10745K [0x000000076b380000, 0x0000000778680000, 0x00000007c0000000)
  eden space 131072K, 0% used [0x000000076b380000,0x000000076b380000,0x0000000773380000)
  from space 10752K, 99% used [0x0000000773380000,0x0000000773dfe740,0x0000000773e00000)
  to   space 13824K, 0% used [0x0000000777900000,0x0000000777900000,0x0000000778680000)
 ParOldGen       total 103936K, used 8326K [0x00000006c1a00000, 0x00000006c7f80000, 0x000000076b380000)
  object space 103936K, 8% used [0x00000006c1a00000,0x00000006c2221a80,0x00000006c7f80000)
 Metaspace       used 33743K, capacity 35394K, committed 35496K, reserved 1081344K
  class space    used 4283K, capacity 4592K, committed 4608K, reserved 1048576K
}
Event: 5.168 GC heap before
{Heap before GC invocations=7 (full 2):
 PSYoungGen      total 141824K, used 10745K [0x000000076b380000, 0x0000000778680000, 0x00000007c0000000)
  eden space 131072K, 0% used [0x000000076b380000,0x000000076b380000,0x0000000773380000)
  from space 10752K, 99% used [0x0000000773380000,0x0000000773dfe740,0x0000000773e00000)
  to   space 13824K, 0% used [0x0000000777900000,0x0000000777900000,0x0000000778680000)
 ParOldGen       total 103936K, used 8326K [0x00000006c1a00000, 0x00000006c7f80000, 0x000000076b380000)
  object space 103936K, 8% used [0x00000006c1a00000,0x00000006c2221a80,0x00000006c7f80000)
 Metaspace       used 33743K, capacity 35394K, committed 35496K, reserved 1081344K
  class space    used 4283K, capacity 4592K, committed 4608K, reserved 1048576K
Event: 5.255 GC heap after
Heap after GC invocations=7 (full 2):
 PSYoungGen      total 141824K, used 0K [0x000000076b380000, 0x0000000778680000, 0x00000007c0000000)
  eden space 131072K, 0% used [0x000000076b380000,0x000000076b380000,0x0000000773380000)
  from space 10752K, 0% used [0x0000000773380000,0x0000000773380000,0x0000000773e00000)
  to   space 13824K, 0% used [0x0000000777900000,0x0000000777900000,0x0000000778680000)
 ParOldGen       total 103936K, used 16534K [0x00000006c1a00000, 0x00000006c7f80000, 0x000000076b380000)
  object space 103936K, 15% used [0x00000006c1a00000,0x00000006c2a25ac0,0x00000006c7f80000)
 Metaspace       used 33743K, capacity 35394K, committed 35496K, reserved 1081344K
  class space    used 4283K, capacity 4592K, committed 4608K, reserved 1048576K
}
Event: 6.428 GC heap before
{Heap before GC invocations=8 (full 2):
 PSYoungGen      total 141824K, used 131072K [0x000000076b380000, 0x0000000778680000, 0x00000007c0000000)
  eden space 131072K, 100% used [0x000000076b380000,0x0000000773380000,0x0000000773380000)
  from space 10752K, 0% used [0x0000000773380000,0x0000000773380000,0x0000000773e00000)
  to   space 13824K, 0% used [0x0000000777900000,0x0000000777900000,0x0000000778680000)
 ParOldGen       total 103936K, used 16534K [0x00000006c1a00000, 0x00000006c7f80000, 0x000000076b380000)
  object space 103936K, 15% used [0x00000006c1a00000,0x00000006c2a25ac0,0x00000006c7f80000)
 Metaspace       used 39304K, capacity 41326K, committed 41472K, reserved 1085440K
  class space    used 4894K, capacity 5266K, committed 5376K, reserved 1048576K
Event: 6.447 GC heap after
Heap after GC invocations=8 (full 2):
 PSYoungGen      total 193536K, used 10460K [0x000000076b380000, 0x0000000778380000, 0x00000007c0000000)
  eden space 182784K, 0% used [0x000000076b380000,0x000000076b380000,0x0000000776600000)
  from space 10752K, 97% used [0x0000000777900000,0x0000000778337278,0x0000000778380000)
  to   space 13824K, 0% used [0x0000000776880000,0x0000000776880000,0x0000000777600000)
 ParOldGen       total 103936K, used 16534K [0x00000006c1a00000, 0x00000006c7f80000, 0x000000076b380000)
  object space 103936K, 15% used [0x00000006c1a00000,0x00000006c2a25ac0,0x00000006c7f80000)
 Metaspace       used 39304K, capacity 41326K, committed 41472K, reserved 1085440K
  class space    used 4894K, capacity 5266K, committed 5376K, reserved 1048576K
}

