# JRE version: Java(TM) SE Runtime Environment (8.0_241-b07) (build 1.8.0_241-b07)
# Java VM: Java HotSpot(TM) 64-Bit Server VM (25.241-b07 mixed mode windows-amd64 compressed oops)
Heap:
 PSYoungGen      total 218112K, used 84855K [0x000000076b380000, 0x000000077c880000, 0x00000007c0000000)
  eden space 207360K, 35% used [0x000000076b380000,0x000000076fc3db80,0x0000000777e00000)
  from space 10752K, 96% used [0x000000077be00000,0x000000077c820290,0x000000077c880000)
  to   space 10752K, 0% used [0x000000077b380000,0x000000077b380000,0x000000077be00000)
 ParOldGen       total 98304K, used 6373K [0x00000006c1a00000, 0x00000006c7a00000, 0x000000076b380000)
  object space 98304K, 6% used [0x00000006c1a00000,0x00000006c2039528,0x00000006c7a00000)
 Metaspace       used 32579K, capacity 34191K, committed 34560K, reserved 1079296K
  class space    used 4166K, capacity 4493K, committed 4608K, reserved 1048576K
GC Heap History (10 events):
Event: 1.256 GC heap before
{Heap before GC invocations=1 (full 0):
 PSYoungGen      total 76288K, used 65536K [0x000000076b380000, 0x0000000770880000, 0x00000007c0000000)
  eden space 65536K, 100% used [0x000000076b380000,0x000000076f380000,0x000000076f380000)
  from space 10752K, 0% used [0x000000076fe00000,0x000000076fe00000,0x0000000770880000)
  to   space 10752K, 0% used [0x000000076f380000,0x000000076f380000,0x000000076fe00000)
 ParOldGen       total 175104K, used 0K [0x00000006c1a00000, 0x00000006cc500000, 0x000000076b380000)
  object space 175104K, 0% used [0x00000006c1a00000,0x00000006c1a00000,0x00000006cc500000)
 Metaspace       used 11412K, capacity 11742K, committed 12032K, reserved 1060864K
  class space    used 1366K, capacity 1452K, committed 1536K, reserved 1048576K
Event: 1.274 GC heap after
Heap after GC invocations=1 (full 0):
 PSYoungGen      total 76288K, used 9528K [0x000000076b380000, 0x0000000774880000, 0x00000007c0000000)
  eden space 65536K, 0% used [0x000000076b380000,0x000000076b380000,0x000000076f380000)
  from space 10752K, 88% used [0x000000076f380000,0x000000076fcce3d0,0x000000076fe00000)
  to   space 10752K, 0% used [0x0000000773e00000,0x0000000773e00000,0x0000000774880000)
 ParOldGen       total 175104K, used 16K [0x00000006c1a00000, 0x00000006cc500000, 0x000000076b380000)
  object space 175104K, 0% used [0x00000006c1a00000,0x00000006c1a04000,0x00000006cc500000)
 Metaspace       used 11412K, capacity 11742K, committed 12032K, reserved 1060864K
  class space    used 1366K, capacity 1452K, committed 1536K, reserved 1048576K
}
Event: 2.946 GC heap before
{Heap before GC invocations=2 (full 0):
 PSYoungGen      total 76288K, used 75064K [0x000000076b380000, 0x0000000774880000, 0x00000007c0000000)
  eden space 65536K, 100% used [0x000000076b380000,0x000000076f380000,0x000000076f380000)
  from space 10752K, 88% used [0x000000076f380000,0x000000076fcce3d0,0x000000076fe00000)
  to   space 10752K, 0% used [0x0000000773e00000,0x0000000773e00000,0x0000000774880000)
 ParOldGen       total 175104K, used 16K [0x00000006c1a00000, 0x00000006cc500000, 0x000000076b380000)
  object space 175104K, 0% used [0x00000006c1a00000,0x00000006c1a04000,0x00000006cc500000)
 Metaspace       used 18455K, capacity 19028K, committed 19200K, reserved 1067008K
  class space    used 2373K, capacity 2534K, committed 2560K, reserved 1048576K
Event: 2.959 GC heap after
Heap after GC invocations=2 (full 0):
 PSYoungGen      total 141824K, used 10279K [0x000000076b380000, 0x0000000774880000, 0x00000007c0000000)
  eden space 131072K, 0% used [0x000000076b380000,0x000000076b380000,0x0000000773380000)
  from space 10752K, 95% used [0x0000000773e00000,0x0000000774809f38,0x0000000774880000)
  to   space 10752K, 0% used [0x0000000773380000,0x0000000773380000,0x0000000773e00000)
 ParOldGen       total 175104K, used 24K [0x00000006c1a00000, 0x00000006cc500000, 0x000000076b380000)
  object space 175104K, 0% used [0x00000006c1a00000,0x00000006c1a06000,0x00000006cc500000)
 Metaspace       used 18455K, capacity 19028K, committed 19200K, reserved 1067008K
  class space    used 2373K, capacity 2534K, committed 2560K, reserved 1048576K
}
Event: 3.197 GC heap before
{Heap before GC invocations=3 (full 0):
 PSYoungGen      total 141824K, used 32878K [0x000000076b380000, 0x0000000774880000, 0x00000007c0000000)
  eden space 131072K, 17% used [0x000000076b380000,0x000000076c9919d8,0x0000000773380000)
  from space 10752K, 95% used [0x0000000773e00000,0x0000000774809f38,0x0000000774880000)
  to   space 10752K, 0% used [0x0000000773380000,0x0000000773380000,0x0000000773e00000)
 ParOldGen       total 175104K, used 24K [0x00000006c1a00000, 0x00000006cc500000, 0x000000076b380000)
  object space 175104K, 0% used [0x00000006c1a00000,0x00000006c1a06000,0x00000006cc500000)
 Metaspace       used 20523K, capacity 21193K, committed 21296K, reserved 1067008K
  class space    used 2666K, capacity 2841K, committed 2944K, reserved 1048576K
Event: 3.206 GC heap after
Heap after GC invocations=3 (full 0):
 PSYoungGen      total 141824K, used 6603K [0x000000076b380000, 0x000000077c880000, 0x00000007c0000000)
  eden space 131072K, 0% used [0x000000076b380000,0x000000076b380000,0x0000000773380000)
  from space 10752K, 61% used [0x0000000773380000,0x00000007739f2c70,0x0000000773e00000)
  to   space 10752K, 0% used [0x000000077be00000,0x000000077be00000,0x000000077c880000)
 ParOldGen       total 175104K, used 32K [0x00000006c1a00000, 0x00000006cc500000, 0x000000076b380000)
  object space 175104K, 0% used [0x00000006c1a00000,0x00000006c1a08000,0x00000006cc500000)
 Metaspace       used 20523K, capacity 21193K, committed 21296K, reserved 1067008K
  class space    used 2666K, capacity 2841K, committed 2944K, reserved 1048576K
}
Event: 3.206 GC heap before
{Heap before GC invocations=4 (full 1):
 PSYoungGen      total 141824K, used 6603K [0x000000076b380000, 0x000000077c880000, 0x00000007c0000000)
  eden space 131072K, 0% used [0x000000076b380000,0x000000076b380000,0x0000000773380000)
  from space 10752K, 61% used [0x0000000773380000,0x00000007739f2c70,0x0000000773e00000)
  to   space 10752K, 0% used [0x000000077be00000,0x000000077be00000,0x000000077c880000)
 ParOldGen       total 175104K, used 32K [0x00000006c1a00000, 0x00000006cc500000, 0x000000076b380000)
  object space 175104K, 0% used [0x00000006c1a00000,0x00000006c1a08000,0x00000006cc500000)
 Metaspace       used 20523K, capacity 21193K, committed 21296K, reserved 1067008K
  class space    used 2666K, capacity 2841K, committed 2944K, reserved 1048576K
Event: 3.244 GC heap after
Heap after GC invocations=4 (full 1):
 PSYoungGen      total 141824K, used 0K [0x000000076b380000, 0x000000077c880000, 0x00000007c0000000)
  eden space 131072K, 0% used [0x000000076b380000,0x000000076b380000,0x0000000773380000)
  from space 10752K, 0% used [0x0000000773380000,0x0000000773380000,0x0000000773e00000)
  to   space 10752K, 0% used [0x000000077be00000,0x000000077be00000,0x000000077c880000)
 ParOldGen       total 98304K, used 6365K [0x00000006c1a00000, 0x00000006c7a00000, 0x000000076b380000)
  object space 98304K, 6% used [0x00000006c1a00000,0x00000006c2037528,0x00000006c7a00000)
 Metaspace       used 20523K, capacity 21193K, committed 21296K, reserved 1067008K
  class space    used 2666K, capacity 2841K, committed 2944K, reserved 1048576K
}
Event: 6.423 GC heap before
{Heap before GC invocations=5 (full 1):
 PSYoungGen      total 141824K, used 131072K [0x000000076b380000, 0x000000077c880000, 0x00000007c0000000)
  eden space 131072K, 100% used [0x000000076b380000,0x0000000773380000,0x0000000773380000)
  from space 10752K, 0% used [0x0000000773380000,0x0000000773380000,0x0000000773e00000)
  to   space 10752K, 0% used [0x000000077be00000,0x000000077be00000,0x000000077c880000)
 ParOldGen       total 98304K, used 6365K [0x00000006c1a00000, 0x00000006c7a00000, 0x000000076b380000)
  object space 98304K, 6% used [0x00000006c1a00000,0x00000006c2037528,0x00000006c7a00000)
 Metaspace       used 25931K, capacity 27079K, committed 27264K, reserved 1073152K
  class space    used 3357K, capacity 3607K, committed 3712K, reserved 1048576K
Event: 6.455 GC heap after
Heap after GC invocations=5 (full 1):
 PSYoungGen      total 218112K, used 10368K [0x000000076b380000, 0x000000077c880000, 0x00000007c0000000)
  eden space 207360K, 0% used [0x000000076b380000,0x000000076b380000,0x0000000777e00000)
  from space 10752K, 96% used [0x000000077be00000,0x000000077c820290,0x000000077c880000)
  to   space 10752K, 0% used [0x000000077b380000,0x000000077b380000,0x000000077be00000)
 ParOldGen       total 98304K, used 6373K [0x00000006c1a00000, 0x00000006c7a00000, 0x000000076b380000)
  object space 98304K, 6% used [0x00000006c1a00000,0x00000006c2039528,0x00000006c7a00000)
 Metaspace       used 25931K, capacity 27079K, committed 27264K, reserved 1073152K
  class space    used 3357K, capacity 3607K, committed 3712K, reserved 1048576K
}

